<?xml version="1.0" encoding="UTF-8"?>
<!-- Generated by org.testng.reporters.JUnitReportReporter -->
<testsuite hostname="DESKTOP-5ABJA3H" failures="0" tests="3" name="tests.AddProductToShoppingCartTest" time="0.000" errors="0" timestamp="2023-03-25T01:46:04 EET" skipped="3">
  <testcase classname="tests.AddProductToShoppingCartTest" name="UserCanSearchForProductsWithAutoSuggest" time="0.000">
    <skipped/>
  </testcase> <!-- UserCanSearchForProductsWithAutoSuggest -->
  <system-out/>
  <testcase classname="tests.AddProductToShoppingCartTest" name="UserCanAddProductToShoppingCart" time="0.000">
    <skipped/>
  </testcase> <!-- UserCanAddProductToShoppingCart -->
  <system-out/>
  <testcase classname="tests.AddProductToShoppingCartTest" name="UserCanRemoveProductFromCart" time="0.000">
    <skipped/>
  </testcase> <!-- UserCanRemoveProductFromCart -->
  <system-out/>
</testsuite> <!-- tests.AddProductToShoppingCartTest -->
