<?xml version="1.0" encoding="UTF-8"?>
<!-- Generated by org.testng.reporters.JUnitReportReporter -->
<testsuite hostname="DESKTOP-5ABJA3H" failures="0" tests="1" name="tests.ChangingCurrency" time="3.200" errors="0" timestamp="2023-03-25T04:31:58 EET" skipped="0">
  <testcase classname="tests.ChangingCurrency" name="UserCanSelectSubCategoryFromMainMenu" time="3.200"/>
  <system-out/>
</testsuite> <!-- tests.ChangingCurrency -->
