<?xml version="1.0" encoding="UTF-8"?>
<!-- Generated by org.testng.reporters.JUnitReportReporter -->
<testsuite hostname="DESKTOP-5ABJA3H" failures="0" tests="4" name="tests.EmailFriendTest" time="0.000" errors="0" timestamp="2023-03-25T01:46:04 EET" skipped="4">
  <testcase classname="tests.EmailFriendTest" name="UserCanRegisterSuccssfully" time="0.000">
    <skipped/>
  </testcase> <!-- UserCanRegisterSuccssfully -->
  <system-out/>
  <testcase classname="tests.EmailFriendTest" name="UserCanSearchWithAutoSuggest" time="0.000">
    <skipped/>
  </testcase> <!-- UserCanSearchWithAutoSuggest -->
  <system-out/>
  <testcase classname="tests.EmailFriendTest" name="RegisteredUserCanSendProductToFriend" time="0.000">
    <skipped/>
  </testcase> <!-- RegisteredUserCanSendProductToFriend -->
  <system-out/>
  <testcase classname="tests.EmailFriendTest" name="RegisteredUserCanLogout" time="0.000">
    <skipped/>
  </testcase> <!-- RegisteredUserCanLogout -->
  <system-out/>
</testsuite> <!-- tests.EmailFriendTest -->
