<?xml version="1.0" encoding="UTF-8"?>
<!-- Generated by org.testng.reporters.JUnitReportReporter -->
<testsuite hostname="DESKTOP-5ABJA3H" failures="0" tests="1" name="tests.SearchProductUsingAutoSuggestTest" time="2.775" errors="0" timestamp="2023-03-25T02:20:16 EET" skipped="0">
  <testcase classname="tests.SearchProductUsingAutoSuggestTest" name="UserCanSearchWithAutoSuggest" time="2.775"/>
  <system-out/>
</testsuite> <!-- tests.SearchProductUsingAutoSuggestTest -->
