<?xml version="1.0" encoding="UTF-8"?>
<!-- Generated by org.testng.reporters.JUnitReportReporter -->
<testsuite hostname="DESKTOP-5ABJA3H" failures="0" tests="2" name="tests.AddProductToCompareTest" time="0.000" errors="0" timestamp="2023-03-25T01:46:04 EET" skipped="2">
  <testcase classname="tests.AddProductToCompareTest" name="UserCanCompareProducts" time="0.000">
    <skipped/>
  </testcase> <!-- UserCanCompareProducts -->
  <system-out/>
  <testcase classname="tests.AddProductToCompareTest" name="UserCanClearCompareList" time="0.000">
    <skipped/>
  </testcase> <!-- UserCanClearCompareList -->
  <system-out/>
</testsuite> <!-- tests.AddProductToCompareTest -->
