<?xml version="1.0" encoding="UTF-8"?>
<!-- Generated by org.testng.reporters.JUnitReportReporter -->
<testsuite hostname="DESKTOP-5ABJA3H" failures="0" tests="4" name="tests.GuestCheckoutProductFromCartTest" time="0.000" errors="0" timestamp="2023-03-25T01:46:04 EET" skipped="4">
  <testcase classname="tests.GuestCheckoutProductFromCartTest" name="UserCanSearchForProductsWithAutoSuggest" time="0.000">
    <skipped/>
  </testcase> <!-- UserCanSearchForProductsWithAutoSuggest -->
  <system-out/>
  <testcase classname="tests.GuestCheckoutProductFromCartTest" name="UserCanAddProductToShoppingCart" time="0.000">
    <skipped/>
  </testcase> <!-- UserCanAddProductToShoppingCart -->
  <system-out/>
  <testcase classname="tests.GuestCheckoutProductFromCartTest" name="UserCanCheckoutProduct" time="0.000">
    <skipped/>
  </testcase> <!-- UserCanCheckoutProduct -->
  <system-out/>
  <testcase classname="tests.GuestCheckoutProductFromCartTest" name="UserCanViewOrderDetails" time="0.000">
    <skipped/>
  </testcase> <!-- UserCanViewOrderDetails -->
  <system-out/>
</testsuite> <!-- tests.GuestCheckoutProductFromCartTest -->
