<?xml version="1.0" encoding="UTF-8"?>
<!-- Generated by org.testng.reporters.JUnitReportReporter -->
<testsuite hostname="DESKTOP-5ABJA3H" failures="0" tests="4" name="tests.Iraq_Packages_Prices_Currency" time="17.982" errors="0" timestamp="2023-03-27T21:12:15 EET" skipped="0">
  <testcase classname="tests.Iraq_Packages_Prices_Currency" name="UserCanChangeCountriesAndCurrency" time="4.702"/>
  <system-out/>
  <testcase classname="tests.Iraq_Packages_Prices_Currency" name="Verify_Lite_Package_for_Iraq" time="5.611"/>
  <system-out/>
  <testcase classname="tests.Iraq_Packages_Prices_Currency" name="Verify_Classic_Package_for_Iraq" time="5.514"/>
  <system-out/>
  <testcase classname="tests.Iraq_Packages_Prices_Currency" name="Verify_Premium_Package_for_Iraq" time="2.155"/>
  <system-out/>
</testsuite> <!-- tests.Iraq_Packages_Prices_Currency -->
