<?xml version="1.0" encoding="UTF-8"?>
<!-- Generated by org.testng.reporters.JUnitReportReporter -->
<testsuite hostname="DESKTOP-5ABJA3H" failures="0" tests="4" name="tests.Oman_Packages_Prices_Currency" time="18.811" errors="0" timestamp="2023-03-27T21:13:50 EET" skipped="0">
  <testcase classname="tests.Oman_Packages_Prices_Currency" name="UserCanChangeCountriesAndCurrency" time="5.665"/>
  <system-out/>
  <testcase classname="tests.Oman_Packages_Prices_Currency" name="Verify_Lite_Package_for_Oman" time="5.682"/>
  <system-out/>
  <testcase classname="tests.Oman_Packages_Prices_Currency" name="Verify_Classic_Package_for_Oman" time="5.319"/>
  <system-out/>
  <testcase classname="tests.Oman_Packages_Prices_Currency" name="Verify_Premium_Package_for_Oman" time="2.145"/>
  <system-out/>
</testsuite> <!-- tests.Oman_Packages_Prices_Currency -->
