<?xml version="1.0" encoding="UTF-8"?>
<!-- Generated by org.testng.reporters.JUnitReportReporter -->
<testsuite hostname="DESKTOP-5ABJA3H" failures="0" tests="2" name="tests.ChangeCurrencyTest" time="0.000" errors="0" timestamp="2023-03-25T01:46:04 EET" skipped="2">
  <testcase classname="tests.ChangeCurrencyTest" name="UserCanCanChangeCurrency" time="0.000">
    <skipped/>
  </testcase> <!-- UserCanCanChangeCurrency -->
  <system-out/>
  <testcase classname="tests.ChangeCurrencyTest" name="UserCanSearchWithAutoSuggest" time="0.000">
    <skipped/>
  </testcase> <!-- UserCanSearchWithAutoSuggest -->
  <system-out/>
</testsuite> <!-- tests.ChangeCurrencyTest -->
