<?xml version="1.0" encoding="UTF-8"?>
<!-- Generated by org.testng.reporters.JUnitReportReporter -->
<testsuite hostname="DESKTOP-5ABJA3H" failures="0" tests="4" name="tests.UAE_Packages_Prices_Currency" time="15.957" errors="0" timestamp="2023-03-27T20:08:11 EET" skipped="0">
  <testcase classname="tests.UAE_Packages_Prices_Currency" name="UserCanChangeCountriesAndCurrency" time="3.882"/>
  <system-out/>
  <testcase classname="tests.UAE_Packages_Prices_Currency" name="Verify_Lite_Package_for_UAE" time="4.993"/>
  <system-out/>
  <testcase classname="tests.UAE_Packages_Prices_Currency" name="Verify_Classic_Package_for_UAE" time="4.954"/>
  <system-out/>
  <testcase classname="tests.UAE_Packages_Prices_Currency" name="Verify_Premium_Package_for_UAE" time="2.128"/>
  <system-out/>
</testsuite> <!-- tests.UAE_Packages_Prices_Currency -->
