<?xml version="1.0" encoding="UTF-8"?>
<!-- Generated by org.testng.reporters.JUnitReportReporter -->
<testsuite hostname="DESKTOP-5ABJA3H" failures="0" tests="1" name="tests.SearchProductTest" time="0.000" errors="0" timestamp="2023-03-25T01:46:04 EET" skipped="1">
  <testcase classname="tests.SearchProductTest" name="UserCanSearchForProducts" time="0.000">
    <skipped/>
  </testcase> <!-- UserCanSearchForProducts -->
  <system-out/>
</testsuite> <!-- tests.SearchProductTest -->
