<?xml version="1.0" encoding="UTF-8"?>
<!-- Generated by org.testng.reporters.JUnitReportReporter -->
<testsuite hostname="DESKTOP-5ABJA3H" failures="0" tests="5" name="tests.MyAccountTest" time="0.000" errors="0" timestamp="2023-03-25T01:46:04 EET" skipped="5">
  <testcase classname="tests.MyAccountTest" name="UserCanRegisterSuccssfully" time="0.000">
    <skipped/>
  </testcase> <!-- UserCanRegisterSuccssfully -->
  <system-out/>
  <testcase classname="tests.MyAccountTest" name="RegisteredUserCanChangePassword" time="0.000">
    <skipped/>
  </testcase> <!-- RegisteredUserCanChangePassword -->
  <system-out/>
  <testcase classname="tests.MyAccountTest" name="RegisteredUserCanLogout" time="0.000">
    <skipped/>
  </testcase> <!-- RegisteredUserCanLogout -->
  <system-out/>
  <testcase classname="tests.MyAccountTest" name="RegisteredUserCanLogin" time="0.000">
    <skipped/>
  </testcase> <!-- RegisteredUserCanLogin -->
  <system-out/>
  <testcase classname="tests.MyAccountTest" name="UserLogout" time="0.000">
    <skipped/>
  </testcase> <!-- UserLogout -->
  <system-out/>
</testsuite> <!-- tests.MyAccountTest -->
