<?xml version="1.0" encoding="UTF-8"?>
<!-- Generated by org.testng.reporters.JUnitReportReporter -->
<testsuite hostname="DESKTOP-5ABJA3H" failures="0" tests="5" name="tests.RegisteredUserCheckoutProductTest" time="0.000" errors="0" timestamp="2023-03-25T01:46:04 EET" skipped="5">
  <testcase classname="tests.RegisteredUserCheckoutProductTest" name="UserCanRegisterSuccssfully" time="0.000">
    <skipped/>
  </testcase> <!-- UserCanRegisterSuccssfully -->
  <system-out/>
  <testcase classname="tests.RegisteredUserCheckoutProductTest" name="UserCanSearchWithAutoSuggest" time="0.000">
    <skipped/>
  </testcase> <!-- UserCanSearchWithAutoSuggest -->
  <system-out/>
  <testcase classname="tests.RegisteredUserCheckoutProductTest" name="UserCanAddProductToShoppingCart" time="0.000">
    <skipped/>
  </testcase> <!-- UserCanAddProductToShoppingCart -->
  <system-out/>
  <testcase classname="tests.RegisteredUserCheckoutProductTest" name="UserCanCheckoutProduct" time="0.000">
    <skipped/>
  </testcase> <!-- UserCanCheckoutProduct -->
  <system-out/>
  <testcase classname="tests.RegisteredUserCheckoutProductTest" name="RegisteredUserCanLogout" time="0.000">
    <skipped/>
  </testcase> <!-- RegisteredUserCanLogout -->
  <system-out/>
</testsuite> <!-- tests.RegisteredUserCheckoutProductTest -->
