<?xml version="1.0" encoding="UTF-8"?>
<!-- Generated by org.testng.reporters.JUnitReportReporter -->
<testsuite hostname="DESKTOP-5ABJA3H" failures="0" tests="1" name="tests.VerifyingPackages" time="3.370" errors="0" timestamp="2023-03-25T05:03:28 EET" skipped="0">
  <testcase classname="tests.VerifyingPackages" name="UserCanSelectSubCategoryFromMainMenu" time="3.370"/>
  <system-out/>
</testsuite> <!-- tests.VerifyingPackages -->
